
 ANSYS AIM Student                                 


 *------------------------------------------------------------------*
 |                                                                  |
 |   W E L C O M E   T O   T H E   A N S Y S (R)  P R O G R A M     |
 |                                                                  |
 *------------------------------------------------------------------*




 ***************************************************************
 *            ANSYS Release 19.1     LEGAL NOTICES             *
 ***************************************************************
 *                                                             *
 * Copyright 1971-2018 ANSYS, Inc.  All rights reserved.       *
 * Unauthorized use, distribution or duplication is            *
 * prohibited.                                                 *
 *                                                             *
 * Ansys is a registered trademark of ANSYS, Inc. or its       *
 * subsidiaries in the United States or other countries.       *
 * See the ANSYS, Inc. online documentation or the ANSYS, Inc. *
 * documentation CD or online help for the complete Legal      *
 * Notice.                                                     *
 *                                                             *
 ***************************************************************
 *                                                             *
 * THIS ANSYS SOFTWARE PRODUCT AND PROGRAM DOCUMENTATION       *
 * INCLUDE TRADE SECRETS AND CONFIDENTIAL AND PROPRIETARY      *
 * PRODUCTS OF ANSYS, INC., ITS SUBSIDIARIES, OR LICENSORS.    *
 * The software products and documentation are furnished by    *
 * ANSYS, Inc. or its subsidiaries under a software license    *
 * agreement that contains provisions concerning               *
 * non-disclosure, copying, length and nature of use,          *
 * compliance with exporting laws, warranties, disclaimers,    *
 * limitations of liability, and remedies, and other           *
 * provisions.  The software products and documentation may be *
 * used, disclosed, transferred, or copied only in accordance  *
 * with the terms and conditions of that software license      *
 * agreement.                                                  *
 *                                                             *
 * ANSYS, Inc. is a UL registered                              *
 * ISO 9001:2008 company.                                      *
 *                                                             *
 ***************************************************************
 *                                                             *
 * This product is subject to U.S. laws governing export and   *
 * re-export.                                                  *
 *                                                             *
 * For U.S. Government users, except as specifically granted   *
 * by the ANSYS, Inc. software license agreement, the use,     *
 * duplication, or disclosure by the United States Government  *
 * is subject to restrictions stated in the ANSYS, Inc.        *
 * software license agreement and FAR 12.212 (for non-DOD      *
 * licenses).                                                  *
 *                                                             *
 ***************************************************************

 Release 19.1
     
 Point Releases and Patches installed:   
     
 Academic Student Release 19.1   


          *****  ANSYS COMMAND LINE ARGUMENTS  *****
  BATCH MODE REQUESTED (-b)    = NOLIST
  INPUT FILE COPY MODE (-c)    = COPY
  DISTRIBUTED MEMORY PARALLEL REQUESTED
       2 PARALLEL PROCESSES REQUESTED WITH SINGLE THREAD PER PROCESS
    TOTAL OF     2 CORES REQUESTED
  DESIGNXPLORER REQUESTED
  MPI OPTION                   = INTELMPI
  INPUT FILE NAME              = C:\Users\JosueMorenoMtz\AppData\Local\Temp\WB_DESKTOP-SRRC06L_JosueMorenoMtz_4784_3\_ProjectScratch\Scr9225\dummy.dat
  OUTPUT FILE NAME             = C:\Users\JosueMorenoMtz\AppData\Local\Temp\WB_DESKTOP-SRRC06L_JosueMorenoMtz_4784_3\_ProjectScratch\Scr9225\solve.out
  START-UP FILE MODE           = NOREAD
  STOP FILE MODE               = NOREAD

 RELEASE= Release 19.1         BUILD= 19.1      UP20180418   VERSION=WINDOWS x64 
 CURRENT JOBNAME=file0  23:37:09  JAN 31, 2019 CP=      0.172


 PARAMETER _DS_PROGRESS =     999.0000000    

 /INPUT FILE= ds.dat  LINE=       0



 *** NOTE ***                            CP =       0.297   TIME= 23:37:10
 The /CONFIG,NOELDB command is not valid in a Distributed ANSYS          
 solution.  Command is ignored.                                          

 *GET  _WALLSTRT  FROM  ACTI  ITEM=TIME WALL  VALUE=  23.6194444    

 TITLE= 
 unsaved_project--Static Structural (A5)                                       


 SET PARAMETER DIMENSIONS ON  _WB_PROJECTSCRATCH_DIR
  TYPE=STRI  DIMENSIONS=      248        1        1

 PARAMETER _WB_PROJECTSCRATCH_DIR(1) = C:\Users\JosueMorenoMtz\AppData\Local\Temp\WB_DESKTOP-SRRC06L_JosueMorenoMtz_4784_3\_ProjectScratch\Scr9225\

 SET PARAMETER DIMENSIONS ON  _WB_SOLVERFILES_DIR
  TYPE=STRI  DIMENSIONS=      248        1        1

 PARAMETER _WB_SOLVERFILES_DIR(1) = C:\Users\JosueMorenoMtz\AppData\Local\Temp\WB_DESKTOP-SRRC06L_JosueMorenoMtz_4784_3\unsaved_project_files\dp0\SYS\MECH\

 SET PARAMETER DIMENSIONS ON  _WB_USERFILES_DIR
  TYPE=STRI  DIMENSIONS=      248        1        1

 PARAMETER _WB_USERFILES_DIR(1) = C:\Users\JosueMorenoMtz\AppData\Local\Temp\WB_DESKTOP-SRRC06L_JosueMorenoMtz_4784_3\unsaved_project_files\user_files\
 --- Data in consistent MKS units. See Solving Units in the help system for more

 MKS UNITS SPECIFIED FOR INTERNAL    
  LENGTH        (l)  = METER (M)
  MASS          (M)  = KILOGRAM (KG)
  TIME          (t)  = SECOND (SEC)
  TEMPERATURE   (T)  = CELSIUS (C)
  TOFFSET            = 273.0
  CHARGE        (Q)  = COULOMB
  FORCE         (f)  = NEWTON (N) (KG-M/SEC2)
  HEAT               = JOULE (N-M)

  PRESSURE           = PASCAL (NEWTON/M**2)
  ENERGY        (W)  = JOULE (N-M)
  POWER         (P)  = WATT (N-M/SEC)
  CURRENT       (i)  = AMPERE (COULOMBS/SEC)
  CAPACITANCE   (C)  = FARAD
  INDUCTANCE    (L)  = HENRY
  MAGNETIC FLUX      = WEBER
  RESISTANCE    (R)  = OHM
  ELECTRIC POTENTIAL = VOLT

 INPUT  UNITS ARE ALSO SET TO MKS 

 *** ANSYS - ENGINEERING ANALYSIS SYSTEM  RELEASE Release 19.1     19.1     ***
 DISTRIBUTED ANSYS AIM Student                                 

 01055371  VERSION=WINDOWS x64   23:37:10  JAN 31, 2019 CP=      0.297

 unsaved_project--Static Structural (A5)                                       



          ***** ANSYS ANALYSIS DEFINITION (PREP7) *****
 *********** Nodes for the whole assembly ***********
 *********** Elements for Body 1 "SYS\Solid" ***********
 *********** Send User Defined Coordinate System(s) ***********
 *********** Set Reference Temperature ***********
 *********** Send Materials ***********
 *********** Define Pressure Using Surface Effect Elements ***********
 *********** Define Force Using Surface Effect Elements ***********
 *********** Define Line Pressure Vector Using Surface Effect Elements *********


 ***** ROUTINE COMPLETED *****  CP =         0.359


 --- Number of total nodes = 4155
 --- Number of contact elements = 327
 --- Number of spring elements = 0
 --- Number of bearing elements = 0
 --- Number of solid elements = 2240
 --- Number of condensed parts = 0
 --- Number of total elements = 2567

 *GET  _WALLBSOL  FROM  ACTI  ITEM=TIME WALL  VALUE=  23.6194444    
 ****************************************************************************
 *************************    SOLUTION       ********************************
 ****************************************************************************

 *****  ANSYS SOLUTION ROUTINE  *****


 PERFORM A STATIC ANALYSIS
  THIS WILL BE A NEW ANALYSIS

 USE PRECONDITIONED CONJUGATE GRADIENT SOLVER
  CONVERGENCE TOLERANCE = 1.00000E-08
  MAXIMUM ITERATION     = NumNode*DofPerNode*  1.0000    

 CONTACT INFORMATION PRINTOUT LEVEL       1

 DO NOT COMBINE ELEMENT MATRIX FILES (.emat) AFTER DISTRIBUTED PARALLEL SOLUTION

 DO NOT COMBINE ELEMENT SAVE DATA FILES (.esav) AFTER DISTRIBUTED PARALLEL SOLUTION

 NLDIAG: Nonlinear diagnostics CONT option is set to ON. 
         Writing frequency : each ITERATION.

 DO NOT SAVE ANY RESTART FILES AT ALL
 ****************************************************
 ******************* SOLVE FOR LS 1 OF 1 ****************

 SELECT       FOR ITEM=TYPE COMPONENT=    
  IN RANGE         2 TO          2 STEP          1

        161  ELEMENTS (OF       2567  DEFINED) SELECTED BY  ESEL  COMMAND.

 SELECT      ALL NODES HAVING ANY ELEMENT IN ELEMENT SET.

      347 NODES (OF     4155  DEFINED) SELECTED FROM
      161 SELECTED ELEMENTS BY NSLE COMMAND.

 GENERATE SURFACE LOAD PRES ON SURFACE DEFINED BY ALL SELECTED NODES
 SET ACCORDING TO TABLE PARAMETER = _LOADVARI72                     

 NUMBER OF PRES ELEMENT FACE LOADS STORED =        161

 ALL SELECT   FOR ITEM=NODE COMPONENT=    
  IN RANGE         1 TO       4155 STEP          1

       4155  NODES (OF       4155  DEFINED) SELECTED BY NSEL  COMMAND.

 ALL SELECT   FOR ITEM=ELEM COMPONENT=    
  IN RANGE         1 TO       2567 STEP          1

       2567  ELEMENTS (OF       2567  DEFINED) SELECTED BY  ESEL  COMMAND.

 SELECT       FOR ITEM=TYPE COMPONENT=    
  IN RANGE         3 TO          3 STEP          1

        161  ELEMENTS (OF       2567  DEFINED) SELECTED BY  ESEL  COMMAND.

 SELECT      ALL NODES HAVING ANY ELEMENT IN ELEMENT SET.

      347 NODES (OF     4155  DEFINED) SELECTED FROM
      161 SELECTED ELEMENTS BY NSLE COMMAND.

 SPECIFIED SURFACE LOAD PRES FOR ALL SELECTED ELEMENTS  LKEY =  1   KVAL = 1
      SET ACCORDING TO TABLE PARAMETER = _LOADVARI77X                    

 SPECIFIED SURFACE LOAD PRES FOR ALL SELECTED ELEMENTS  LKEY =  2   KVAL = 1
      SET ACCORDING TO TABLE PARAMETER = _LOADVARI77Y                    

 SPECIFIED SURFACE LOAD PRES FOR ALL SELECTED ELEMENTS  LKEY =  3   KVAL = 1
      SET ACCORDING TO TABLE PARAMETER = _LOADVARI77Z                    

 ALL SELECT   FOR ITEM=NODE COMPONENT=    
  IN RANGE         1 TO       4155 STEP          1

       4155  NODES (OF       4155  DEFINED) SELECTED BY NSEL  COMMAND.

 ALL SELECT   FOR ITEM=ELEM COMPONENT=    
  IN RANGE         1 TO       2567 STEP          1

       2567  ELEMENTS (OF       2567  DEFINED) SELECTED BY  ESEL  COMMAND.

 SELECT       FOR ITEM=TYPE COMPONENT=    
  IN RANGE         4 TO          4 STEP          1

          5  ELEMENTS (OF       2567  DEFINED) SELECTED BY  ESEL  COMMAND.

 SELECT      ALL NODES HAVING ANY ELEMENT IN ELEMENT SET.

       10 NODES (OF     4155  DEFINED) SELECTED FROM
        5 SELECTED ELEMENTS BY NSLE COMMAND.

 SPECIFIED SURFACE LOAD PRES FOR ALL SELECTED ELEMENTS  LKEY =  1   KVAL = 1
      SET ACCORDING TO TABLE PARAMETER = _LOADVARI79X                    

 SPECIFIED SURFACE LOAD PRES FOR ALL SELECTED ELEMENTS  LKEY =  2   KVAL = 1
      SET ACCORDING TO TABLE PARAMETER = _LOADVARI79Y                    

 SPECIFIED SURFACE LOAD PRES FOR ALL SELECTED ELEMENTS  LKEY =  3   KVAL = 1
      SET ACCORDING TO TABLE PARAMETER = _LOADVARI79Z                    

 ALL SELECT   FOR ITEM=NODE COMPONENT=    
  IN RANGE         1 TO       4155 STEP          1

       4155  NODES (OF       4155  DEFINED) SELECTED BY NSEL  COMMAND.

 ALL SELECT   FOR ITEM=ELEM COMPONENT=    
  IN RANGE         1 TO       2567 STEP          1

       2567  ELEMENTS (OF       2567  DEFINED) SELECTED BY  ESEL  COMMAND.

 ALL SELECT   FOR ITEM=ELEM COMPONENT=    
  IN RANGE         1 TO       2567 STEP          1

       2567  ELEMENTS (OF       2567  DEFINED) SELECTED BY  ESEL  COMMAND.

 PRINTOUT RESUMED BY /GOP

 USE       1 SUBSTEPS INITIALLY THIS LOAD STEP FOR ALL  DEGREES OF FREEDOM
 FOR AUTOMATIC TIME STEPPING:
   USE      1 SUBSTEPS AS A MAXIMUM
   USE      1 SUBSTEPS AS A MINIMUM

 TIME=  1.0000    

 ERASE THE CURRENT DATABASE OUTPUT CONTROL TABLE.


 WRITE ALL  ITEMS TO THE DATABASE WITH A FREQUENCY OF NONE
   FOR ALL APPLICABLE ENTITIES

 WRITE NSOL ITEMS TO THE DATABASE WITH A FREQUENCY OF ALL 
   FOR ALL APPLICABLE ENTITIES

 WRITE RSOL ITEMS TO THE DATABASE WITH A FREQUENCY OF ALL 
   FOR ALL APPLICABLE ENTITIES

 WRITE STRS ITEMS TO THE DATABASE WITH A FREQUENCY OF ALL 
   FOR ALL APPLICABLE ENTITIES

 WRITE EPEL ITEMS TO THE DATABASE WITH A FREQUENCY OF ALL 
   FOR ALL APPLICABLE ENTITIES

 WRITE EPPL ITEMS TO THE DATABASE WITH A FREQUENCY OF ALL 
   FOR ALL APPLICABLE ENTITIES

 NONLINEAR STABILIZATION CONTROL:
 KEY=OFF 


 *GET  ANSINTER_  FROM  ACTI  ITEM=INT        VALUE=  0.00000000    

 *IF  ANSINTER_                         ( =   0.00000     )  NE  
      0                                 ( =   0.00000     )  THEN    

 *ENDIF

 *** NOTE ***                            CP =       0.359   TIME= 23:37:10
 The automatic domain decomposition logic has selected the MESH domain   
 decomposition method with 2 processes per solution.                     

 *****  ANSYS SOLVE    COMMAND  *****

 *** WARNING ***                         CP =       0.359   TIME= 23:37:10
 Element shape checking is currently inactive.  Issue SHPP,ON or         
 SHPP,WARN to reactivate, if desired.                                    

 *** WARNING ***                         CP =       0.359   TIME= 23:37:10
 The preconditioned conjugate gradient solver (EQSLV,PCG command) only   
 works for fully constrained model.  There are less than 3 constraints   
 in the current model.  The solver has been reset to sparse              
 (EQSLV,SPARSE).                                                         

 *** NOTE ***                            CP =       0.359   TIME= 23:37:10
 The model data was checked and warning messages were found.             
  Please review output or errors file (                                  
 C:\Users\JosueMorenoMtz\AppData\Local\Temp\WB_DESKTOP-SRRC06L_JosueMore 
 noMtz_4784_3\_ProjectScratch\Scr9225\file0.err ) for these warning      
 messages.                                                               

 *** SELECTION OF ELEMENT TECHNOLOGIES FOR APPLICABLE ELEMENTS ***
      --- GIVE SUGGESTIONS AND RESET THE KEY OPTIONS ---

 ELEMENT TYPE    1 IS SOLID187. IT IS NOT ASSOCIATED WITH FULLY INCOMPRESSIBLE
 HYPERELASTIC MATERIALS. NO SUGGESTION IS AVAILABLE AND NO RESETTING IS NEEDED.



 *** ANSYS - ENGINEERING ANALYSIS SYSTEM  RELEASE Release 19.1     19.1     ***
 DISTRIBUTED ANSYS AIM Student                                 

 01055371  VERSION=WINDOWS x64   23:37:10  JAN 31, 2019 CP=      0.359

 unsaved_project--Static Structural (A5)                                       



                       S O L U T I O N   O P T I O N S

   PROBLEM DIMENSIONALITY. . . . . . . . . . . . .3-D                  
   DEGREES OF FREEDOM. . . . . . UX   UY   UZ  
   ANALYSIS TYPE . . . . . . . . . . . . . . . . .STATIC (STEADY-STATE)
   OFFSET TEMPERATURE FROM ABSOLUTE ZERO . . . . .  273.15    
   EQUATION SOLVER OPTION. . . . . . . . . . . . .SPARSE             
   GLOBALLY ASSEMBLED MATRIX . . . . . . . . . . .SYMMETRIC  

 *** WARNING ***                         CP =       0.359   TIME= 23:37:10
 Material number 2 (used by element 2241) should normally have at least  
 one MP or one TB type command associated with it.  Output of energy by  
 material may not be available.                                          

 *** WARNING ***                         CP =       0.359   TIME= 23:37:10
 No constraints have been defined using the D command.                   

 *** NOTE ***                            CP =       0.359   TIME= 23:37:10
 The step data was checked and warning messages were found.              
  Please review output or errors file (                                  
 C:\Users\JosueMorenoMtz\AppData\Local\Temp\WB_DESKTOP-SRRC06L_JosueMore 
 noMtz_4784_3\_ProjectScratch\Scr9225\file0.err ) for these warning      
 messages.                                                               

  
  
     D I S T R I B U T E D   D O M A I N   D E C O M P O S E R
  
  ...Number of elements: 2567
  ...Number of nodes:    4155
  ...Decompose to 2 CPU domains
  ...Element load balance ratio =     1.128


                      L O A D   S T E P   O P T I O N S

   LOAD STEP NUMBER. . . . . . . . . . . . . . . .     1
   TIME AT END OF THE LOAD STEP. . . . . . . . . .  1.0000    
   NUMBER OF SUBSTEPS. . . . . . . . . . . . . . .     1
   STEP CHANGE BOUNDARY CONDITIONS . . . . . . . .    NO
   PRINT OUTPUT CONTROLS . . . . . . . . . . . . .NO PRINTOUT
   DATABASE OUTPUT CONTROLS
      ITEM     FREQUENCY   COMPONENT
       ALL       NONE               
      NSOL        ALL               
      RSOL        ALL               
      STRS        ALL               
      EPEL        ALL               
      EPPL        ALL               


 SOLUTION MONITORING INFO IS WRITTEN TO FILE= file.mntr                                                                                                                                                                                                                                                           



                         ***********  PRECISE MASS SUMMARY  ***********

   TOTAL RIGID BODY MASS MATRIX ABOUT ORIGIN
               Translational mass               |   Coupled translational/rotational mass
         19.501        0.0000        0.0000     |     0.0000      -0.31185E-02   -3.9114    
         0.0000        19.501        0.0000     |    0.31185E-02    0.0000        1.0617    
         0.0000        0.0000        19.501     |     3.9114       -1.0617        0.0000    
     ------------------------------------------ | ------------------------------------------
                                                |         Rotational mass (inertia)
                                                |     1.0903      -0.33498       0.36479E-03
                                                |   -0.33498       0.25281       0.98987E-03
                                                |    0.36479E-03   0.98987E-03    1.3219    

   TOTAL MASS =  19.501    
     The mass principal axes coincide with the global Cartesian axes

   CENTER OF MASS (X,Y,Z)=   0.54442E-01   0.20057      -0.15991E-03

   TOTAL INERTIA ABOUT CENTER OF MASS
        0.30584      -0.12204       0.19501E-03
       -0.12204       0.19500       0.36439E-03
        0.19501E-03   0.36439E-03   0.47960    

   PRINCIPAL INERTIAS =   0.38445       0.11639       0.47961    
   ORIENTATION VECTORS OF THE INERTIA PRINCIPAL AXES IN GLOBAL CARTESIAN
     ( 0.841,-0.542, 0.000) ( 0.542, 0.841,-0.001) ( 0.000, 0.001, 1.000) 


  *** MASS SUMMARY BY ELEMENT TYPE ***

  TYPE      MASS
     1   19.5015    

 Range of element maximum matrix coefficients in global coordinates
 Maximum = 1.96428844E+10 at element 1952.                               
 Minimum = 569545412 at element 2035.                                    

   *** ELEMENT MATRIX FORMULATION TIMES
     TYPE    NUMBER   ENAME      TOTAL CP  AVE CP

        1      2240  SOLID187      0.156   0.000070
        2       161  SURF154       0.016   0.000097
        3       161  SURF154       0.000   0.000000
        4         5  SURF156       0.000   0.000000
 Time at end of element matrix formulation CP = 0.59375.                 

 DISTRIBUTED SPARSE MATRIX DIRECT SOLVER.
  Number of equations =       12465,    Maximum wavefront =    228

  Local memory allocated for solver              =     17.497 MB
  Local memory required for in-core solution     =     16.853 MB
  Local memory required for out-of-core solution =      9.241 MB

  Total memory allocated for solver              =     37.838 MB
  Total memory required for in-core solution     =     36.423 MB
  Total memory required for out-of-core solution =     19.505 MB

 *** NOTE ***                            CP =       0.703   TIME= 23:37:10
 The Distributed Sparse Matrix Solver is currently running in the        
 in-core memory mode.  This memory mode uses the most amount of memory   
 in order to avoid using the hard drive as much as possible, which most  
 often results in the fastest solution time.  This mode is recommended   
 if enough physical memory is present to accommodate all of the solver   
 data.                                                                   
 curEqn=   5289  totEqn=   5289 Job CP sec=      0.781
      Factor Done= 100% Factor Wall sec=      0.041 rate=    6870.9 Mflops
 Distributed sparse solver maximum pivot= 2.166029664E+10 at node 2220   
 UZ.                                                                     
 Distributed sparse solver minimum pivot= -0.309692382 at node 424 UZ.   
 Distributed sparse solver minimum pivot in absolute value=              
 1.9741008E-05 at node 1252 UY.                                          

 *** ERROR ***                           CP =       0.781   TIME= 23:37:10
 There is at least 1 small equation solver pivot term (e.g., at the UY   
 degree of freedom of node 1252).  Please check for an insufficiently    
 constrained model.                                                      


 NUMBER OF WARNING MESSAGES ENCOUNTERED=          4
 NUMBER OF ERROR   MESSAGES ENCOUNTERED=          1



 ***** PROBLEM TERMINATED BY INDICATED ERROR(S) OR BY END OF INPUT DATA *****

+--------- D I S T R I B U T E D   A N S Y S   S T A T I S T I C S ------------+

Release: Release 19.1       Build: 19.1       Update: UP20180418   Platform: WINDOWS x64 
Date Run: 01/31/2019   Time: 23:37     Process ID: 9860
Operating System: Windows 10  (Build: 17134)

Processor Model: Intel(R) Core(TM) i7-7500U CPU @ 2.70GHz

Compiler: Intel(R) FORTRAN Compiler Version 17.0.4  (Build: 20170411)
          Intel(R) C/C++ Compiler Version 17.0.4  (Build: 20170411)
          Intel(R) Math Kernel Library Version 2017.0.3 Product Build 20170413

Number of machines requested            :    1
Total number of cores available         :    4
Number of physical cores available      :    2
Number of processes requested           :    2
Number of threads per process requested :    1
Total number of cores requested         :    2 (Distributed Memory Parallel)               
MPI Type: INTELMPI
MPI Version: Intel(R) MPI Library 2017 Update 3 for Windows* OS


GPU Acceleration: Not Requested

Job Name: file0
Input File: dummy.dat

  Core                Machine Name   Working Directory
 -----------------------------------------------------
     0             DESKTOP-SRRC06L   C:\Users\JosueMorenoMtz\AppData\Local\Temp\WB_DESKTOP-SRRC06L_JosueMorenoMtz_4784_3\_ProjectScratch\Scr9225
     1             DESKTOP-SRRC06L   C:\Users\JosueMorenoMtz\AppData\Local\Temp\WB_DESKTOP-SRRC06L_JosueMorenoMtz_4784_3\_ProjectScratch\Scr9225
 
Latency time from master to core     1 =    1.462 microseconds
 
Communication speed from master to core     1 =  4669.94 MB/sec

Total CPU time for main thread                    :        0.7 seconds
Total CPU time summed for all threads             :        0.8 seconds

Elapsed time spent pre-processing model (/PREP7)  :        0.0 seconds
Elapsed time spent solution - preprocessing       :        0.0 seconds
Elapsed time spent computing solution             :        0.2 seconds
Elapsed time spent solution - postprocessing      :        0.0 seconds
Elapsed time spent post-processing model (/POST1) :        0.0 seconds
 
Equation solver used                              :            Sparse (symmetric)
Equation solver computational rate                :       12.3 Gflops

Maximum total memory used                         :      266.0 MB
Maximum total memory allocated                    :     3136.0 MB
Total physical memory available                   :         16 GB

+------ E N D   D I S T R I B U T E D   A N S Y S   S T A T I S T I C S -------+


 *---------------------------------------------------------------------------*
 |                                                                           |
 |                       DISTRIBUTED ANSYS RUN COMPLETED                     |
 |                                                                           |
 |---------------------------------------------------------------------------|
 |                                                                           |
 | Ansys Release 19.1          Build 19.1         UP20180418     WINDOWS x64 |
 |                                                                           |
 |---------------------------------------------------------------------------|
 |                                                                           |
 | Database Requested(-db)  1024 MB    Scratch Memory Requested      1024 MB |
 | Maximum Database Used       3 MB    Maximum Scratch Memory Used    131 MB |
 |                                                                           |
 |---------------------------------------------------------------------------|
 |                                                                           |
 |        CP Time      (sec) =          0.828       Time  =  23:37:11        |
 |        Elapsed Time (sec) =          3.000       Date  =  01/31/2019      |
 |                                                                           |
 *---------------------------------------------------------------------------*
